2025-07-14 11:56:51,132 - INFO - Початок скрапінгу меню McDonald's Україна
2025-07-14 11:56:51,327 - INFO - Знайдено 88 продуктів для обробки
2025-07-14 11:56:51,328 - INFO - Обробка продукту 1/88: https://www.mcdonalds.com/ua/uk-ua/product/200428.html
2025-07-14 11:56:51,417 - WARNING - Не знайдено назви продукту на сторінці https://www.mcdonalds.com/ua/uk-ua/product/200428.html
2025-07-14 11:56:51,418 - INFO - Обробка продукту 2/88: https://www.mcdonalds.com/ua/uk-ua/product/200429.html
2025-07-14 11:56:51,499 - WARNING - Не знайдено назви продукту на сторінці https://www.mcdonalds.com/ua/uk-ua/product/200429.html
2025-07-14 11:56:51,500 - INFO - Обробка продукту 3/88: https://www.mcdonalds.com/ua/uk-ua/product/200430.html
2025-07-14 11:56:51,583 - WARNING - Не знайдено назви продукту на сторінці https://www.mcdonalds.com/ua/uk-ua/product/200430.html
2025-07-14 11:56:51,583 - INFO - Обробка продукту 4/88: https://www.mcdonalds.com/ua/uk-ua/product/200396.html
2025-07-14 11:56:51,667 - WARNING - Не знайдено назви продукту на сторінці https://www.mcdonalds.com/ua/uk-ua/product/200396.html
2025-07-14 11:56:51,668 - INFO - Обробка продукту 5/88: https://www.mcdonalds.com/ua/uk-ua/product/200403.html
2025-07-14 11:56:51,751 - WARNING - Не знайдено назви продукту на сторінці https://www.mcdonalds.com/ua/uk-ua/product/200403.html
2025-07-14 11:56:51,751 - INFO - Обробка продукту 6/88: https://www.mcdonalds.com/ua/uk-ua/product/200148.html
2025-07-14 11:56:51,835 - WARNING - Не знайдено назви продукту на сторінці https://www.mcdonalds.com/ua/uk-ua/product/200148.html
2025-07-14 11:56:51,835 - INFO - Обробка продукту 7/88: https://www.mcdonalds.com/ua/uk-ua/product/200154.html
2025-07-14 11:56:51,918 - WARNING - Не знайдено назви продукту на сторінці https://www.mcdonalds.com/ua/uk-ua/product/200154.html
2025-07-14 11:56:51,919 - INFO - Обробка продукту 8/88: https://www.mcdonalds.com/ua/uk-ua/product/200150.html
2025-07-14 11:56:52,008 - WARNING - Не знайдено назви продукту на сторінці https://www.mcdonalds.com/ua/uk-ua/product/200150.html
2025-07-14 11:56:52,008 - INFO - Обробка продукту 9/88: https://www.mcdonalds.com/ua/uk-ua/product/200152.html
2025-07-14 11:56:52,090 - WARNING - Не знайдено назви продукту на сторінці https://www.mcdonalds.com/ua/uk-ua/product/200152.html
2025-07-14 11:56:52,091 - INFO - Обробка продукту 10/88: https://www.mcdonalds.com/ua/uk-ua/product/200155.html
2025-07-14 11:56:52,173 - WARNING - Не знайдено назви продукту на сторінці https://www.mcdonalds.com/ua/uk-ua/product/200155.html
2025-07-14 11:56:52,173 - INFO - Обробка продукту 11/88: https://www.mcdonalds.com/ua/uk-ua/product/200153.html
2025-07-14 11:56:52,260 - WARNING - Не знайдено назви продукту на сторінці https://www.mcdonalds.com/ua/uk-ua/product/200153.html
2025-07-14 11:56:52,260 - INFO - Обробка продукту 12/88: https://www.mcdonalds.com/ua/uk-ua/product/200257.html
2025-07-14 11:56:52,342 - WARNING - Не знайдено назви продукту на сторінці https://www.mcdonalds.com/ua/uk-ua/product/200257.html
2025-07-14 11:56:52,342 - INFO - Обробка продукту 13/88: https://www.mcdonalds.com/ua/uk-ua/product/200266.html
2025-07-14 11:56:52,440 - WARNING - Не знайдено назви продукту на сторінці https://www.mcdonalds.com/ua/uk-ua/product/200266.html
2025-07-14 11:56:52,440 - INFO - Обробка продукту 14/88: https://www.mcdonalds.com/ua/uk-ua/product/200151.html
2025-07-14 11:56:52,525 - WARNING - Не знайдено назви продукту на сторінці https://www.mcdonalds.com/ua/uk-ua/product/200151.html
2025-07-14 11:56:52,525 - INFO - Обробка продукту 15/88: https://www.mcdonalds.com/ua/uk-ua/product/200372.html
2025-07-14 11:56:52,613 - WARNING - Не знайдено назви продукту на сторінці https://www.mcdonalds.com/ua/uk-ua/product/200372.html
2025-07-14 11:56:52,613 - INFO - Обробка продукту 16/88: https://www.mcdonalds.com/ua/uk-ua/product/200010.html
2025-07-14 11:56:52,694 - WARNING - Не знайдено назви продукту на сторінці https://www.mcdonalds.com/ua/uk-ua/product/200010.html
2025-07-14 11:56:52,695 - INFO - Обробка продукту 17/88: https://www.mcdonalds.com/ua/uk-ua/product/200136.html
2025-07-14 11:56:52,779 - WARNING - Не знайдено назви продукту на сторінці https://www.mcdonalds.com/ua/uk-ua/product/200136.html
2025-07-14 11:56:52,779 - INFO - Обробка продукту 18/88: https://www.mcdonalds.com/ua/uk-ua/product/200137.html
2025-07-14 11:56:52,867 - WARNING - Не знайдено назви продукту на сторінці https://www.mcdonalds.com/ua/uk-ua/product/200137.html
2025-07-14 11:56:52,867 - INFO - Обробка продукту 19/88: https://www.mcdonalds.com/ua/uk-ua/product/200026.html
2025-07-14 11:56:52,952 - WARNING - Не знайдено назви продукту на сторінці https://www.mcdonalds.com/ua/uk-ua/product/200026.html
2025-07-14 11:56:52,952 - INFO - Обробка продукту 20/88: https://www.mcdonalds.com/ua/uk-ua/product/200027.html
2025-07-14 11:56:53,042 - WARNING - Не знайдено назви продукту на сторінці https://www.mcdonalds.com/ua/uk-ua/product/200027.html
2025-07-14 11:56:53,042 - INFO - Обробка продукту 21/88: https://www.mcdonalds.com/ua/uk-ua/product/200028.html
2025-07-14 11:56:53,124 - WARNING - Не знайдено назви продукту на сторінці https://www.mcdonalds.com/ua/uk-ua/product/200028.html
2025-07-14 11:56:53,125 - INFO - Обробка продукту 22/88: https://www.mcdonalds.com/ua/uk-ua/product/2133.html
2025-07-14 11:56:53,218 - WARNING - Не знайдено назви продукту на сторінці https://www.mcdonalds.com/ua/uk-ua/product/2133.html
2025-07-14 11:56:53,218 - INFO - Обробка продукту 23/88: https://www.mcdonalds.com/ua/uk-ua/product/200339.html
2025-07-14 11:56:53,301 - WARNING - Не знайдено назви продукту на сторінці https://www.mcdonalds.com/ua/uk-ua/product/200339.html
2025-07-14 11:56:53,301 - INFO - Обробка продукту 24/88: https://www.mcdonalds.com/ua/uk-ua/product/200340.html
2025-07-14 11:56:53,390 - WARNING - Не знайдено назви продукту на сторінці https://www.mcdonalds.com/ua/uk-ua/product/200340.html
2025-07-14 11:56:53,390 - INFO - Обробка продукту 25/88: https://www.mcdonalds.com/ua/uk-ua/product/200341.html
2025-07-14 11:56:53,476 - WARNING - Не знайдено назви продукту на сторінці https://www.mcdonalds.com/ua/uk-ua/product/200341.html
2025-07-14 11:56:53,477 - INFO - Обробка продукту 26/88: https://www.mcdonalds.com/ua/uk-ua/product/200342.html
2025-07-14 11:56:53,559 - WARNING - Не знайдено назви продукту на сторінці https://www.mcdonalds.com/ua/uk-ua/product/200342.html
2025-07-14 11:56:53,559 - INFO - Обробка продукту 27/88: https://www.mcdonalds.com/ua/uk-ua/product/200051.html
2025-07-14 11:56:53,641 - WARNING - Не знайдено назви продукту на сторінці https://www.mcdonalds.com/ua/uk-ua/product/200051.html
2025-07-14 11:56:53,642 - INFO - Обробка продукту 28/88: https://www.mcdonalds.com/ua/uk-ua/product/200052.html
2025-07-14 11:56:53,724 - WARNING - Не знайдено назви продукту на сторінці https://www.mcdonalds.com/ua/uk-ua/product/200052.html
2025-07-14 11:56:53,724 - INFO - Обробка продукту 29/88: https://www.mcdonalds.com/ua/uk-ua/product/200053.html
2025-07-14 11:56:53,829 - WARNING - Не знайдено назви продукту на сторінці https://www.mcdonalds.com/ua/uk-ua/product/200053.html
2025-07-14 11:56:53,830 - INFO - Обробка продукту 30/88: https://www.mcdonalds.com/ua/uk-ua/product/200195.html
2025-07-14 11:56:53,911 - WARNING - Не знайдено назви продукту на сторінці https://www.mcdonalds.com/ua/uk-ua/product/200195.html
2025-07-14 11:56:53,912 - INFO - Обробка продукту 31/88: https://www.mcdonalds.com/ua/uk-ua/product/200375.html
2025-07-14 11:56:53,994 - WARNING - Не знайдено назви продукту на сторінці https://www.mcdonalds.com/ua/uk-ua/product/200375.html
2025-07-14 11:56:53,994 - INFO - Обробка продукту 32/88: https://www.mcdonalds.com/ua/uk-ua/product/200376.html
2025-07-14 11:56:54,078 - WARNING - Не знайдено назви продукту на сторінці https://www.mcdonalds.com/ua/uk-ua/product/200376.html
2025-07-14 11:56:54,079 - INFO - Обробка продукту 33/88: https://www.mcdonalds.com/ua/uk-ua/product/200144.html
2025-07-14 11:56:54,166 - WARNING - Не знайдено назви продукту на сторінці https://www.mcdonalds.com/ua/uk-ua/product/200144.html
2025-07-14 11:56:54,167 - INFO - Обробка продукту 34/88: https://www.mcdonalds.com/ua/uk-ua/product/200140.html
2025-07-14 11:56:54,248 - WARNING - Не знайдено назви продукту на сторінці https://www.mcdonalds.com/ua/uk-ua/product/200140.html
2025-07-14 11:56:54,249 - INFO - Обробка продукту 35/88: https://www.mcdonalds.com/ua/uk-ua/product/200143.html
2025-07-14 11:56:54,331 - WARNING - Не знайдено назви продукту на сторінці https://www.mcdonalds.com/ua/uk-ua/product/200143.html
2025-07-14 11:56:54,332 - INFO - Обробка продукту 36/88: https://www.mcdonalds.com/ua/uk-ua/product/200145.html
2025-07-14 11:56:54,414 - WARNING - Не знайдено назви продукту на сторінці https://www.mcdonalds.com/ua/uk-ua/product/200145.html
2025-07-14 11:56:54,415 - INFO - Обробка продукту 37/88: https://www.mcdonalds.com/ua/uk-ua/product/200146.html
2025-07-14 11:56:54,497 - WARNING - Не знайдено назви продукту на сторінці https://www.mcdonalds.com/ua/uk-ua/product/200146.html
2025-07-14 11:56:54,497 - INFO - Обробка продукту 38/88: https://www.mcdonalds.com/ua/uk-ua/product/200141.html
2025-07-14 11:56:54,608 - WARNING - Не знайдено назви продукту на сторінці https://www.mcdonalds.com/ua/uk-ua/product/200141.html
2025-07-14 11:56:54,609 - INFO - Обробка продукту 39/88: https://www.mcdonalds.com/ua/uk-ua/product/200054.html
2025-07-14 11:56:54,691 - WARNING - Не знайдено назви продукту на сторінці https://www.mcdonalds.com/ua/uk-ua/product/200054.html
2025-07-14 11:56:54,692 - INFO - Обробка продукту 40/88: https://www.mcdonalds.com/ua/uk-ua/product/200123.html
2025-07-14 11:56:54,797 - WARNING - Не знайдено назви продукту на сторінці https://www.mcdonalds.com/ua/uk-ua/product/200123.html
2025-07-14 11:56:54,798 - INFO - Обробка продукту 41/88: https://www.mcdonalds.com/ua/uk-ua/product/200125.html
2025-07-14 11:56:54,880 - WARNING - Не знайдено назви продукту на сторінці https://www.mcdonalds.com/ua/uk-ua/product/200125.html
2025-07-14 11:56:54,880 - INFO - Обробка продукту 42/88: https://www.mcdonalds.com/ua/uk-ua/product/200127.html
2025-07-14 11:56:54,963 - WARNING - Не знайдено назви продукту на сторінці https://www.mcdonalds.com/ua/uk-ua/product/200127.html
2025-07-14 11:56:54,963 - INFO - Обробка продукту 43/88: https://www.mcdonalds.com/ua/uk-ua/product/200124.html
2025-07-14 11:56:55,049 - WARNING - Не знайдено назви продукту на сторінці https://www.mcdonalds.com/ua/uk-ua/product/200124.html
2025-07-14 11:56:55,049 - INFO - Обробка продукту 44/88: https://www.mcdonalds.com/ua/uk-ua/product/200126.html
2025-07-14 11:56:55,130 - WARNING - Не знайдено назви продукту на сторінці https://www.mcdonalds.com/ua/uk-ua/product/200126.html
2025-07-14 11:56:55,130 - INFO - Обробка продукту 45/88: https://www.mcdonalds.com/ua/uk-ua/product/200128.html
2025-07-14 11:56:55,211 - WARNING - Не знайдено назви продукту на сторінці https://www.mcdonalds.com/ua/uk-ua/product/200128.html
2025-07-14 11:56:55,212 - INFO - Обробка продукту 46/88: https://www.mcdonalds.com/ua/uk-ua/product/200055.html
2025-07-14 11:56:55,293 - WARNING - Не знайдено назви продукту на сторінці https://www.mcdonalds.com/ua/uk-ua/product/200055.html
2025-07-14 11:56:55,293 - INFO - Обробка продукту 47/88: https://www.mcdonalds.com/ua/uk-ua/product/200112.html
2025-07-14 11:56:55,379 - WARNING - Не знайдено назви продукту на сторінці https://www.mcdonalds.com/ua/uk-ua/product/200112.html
2025-07-14 11:56:55,379 - INFO - Обробка продукту 48/88: https://www.mcdonalds.com/ua/uk-ua/product/200111.html
2025-07-14 11:56:55,465 - WARNING - Не знайдено назви продукту на сторінці https://www.mcdonalds.com/ua/uk-ua/product/200111.html
2025-07-14 11:56:55,465 - INFO - Обробка продукту 49/88: https://www.mcdonalds.com/ua/uk-ua/product/200113.html
2025-07-14 11:56:55,549 - WARNING - Не знайдено назви продукту на сторінці https://www.mcdonalds.com/ua/uk-ua/product/200113.html
2025-07-14 11:56:55,550 - INFO - Обробка продукту 50/88: https://www.mcdonalds.com/ua/uk-ua/product/200116.html
2025-07-14 11:56:55,635 - WARNING - Не знайдено назви продукту на сторінці https://www.mcdonalds.com/ua/uk-ua/product/200116.html
2025-07-14 11:56:55,636 - INFO - Обробка продукту 51/88: https://www.mcdonalds.com/ua/uk-ua/product/200121.html
2025-07-14 11:56:55,718 - WARNING - Не знайдено назви продукту на сторінці https://www.mcdonalds.com/ua/uk-ua/product/200121.html
2025-07-14 11:56:55,719 - INFO - Обробка продукту 52/88: https://www.mcdonalds.com/ua/uk-ua/product/200119.html
2025-07-14 11:56:55,803 - WARNING - Не знайдено назви продукту на сторінці https://www.mcdonalds.com/ua/uk-ua/product/200119.html
2025-07-14 11:56:55,803 - INFO - Обробка продукту 53/88: https://www.mcdonalds.com/ua/uk-ua/product/200114.html
2025-07-14 11:56:55,885 - WARNING - Не знайдено назви продукту на сторінці https://www.mcdonalds.com/ua/uk-ua/product/200114.html
2025-07-14 11:56:55,885 - INFO - Обробка продукту 54/88: https://www.mcdonalds.com/ua/uk-ua/product/200249.html
2025-07-14 11:56:55,973 - WARNING - Не знайдено назви продукту на сторінці https://www.mcdonalds.com/ua/uk-ua/product/200249.html
2025-07-14 11:56:55,973 - INFO - Обробка продукту 55/88: https://www.mcdonalds.com/ua/uk-ua/product/200231.html
2025-07-14 11:56:56,055 - WARNING - Не знайдено назви продукту на сторінці https://www.mcdonalds.com/ua/uk-ua/product/200231.html
2025-07-14 11:56:56,056 - INFO - Обробка продукту 56/88: https://www.mcdonalds.com/ua/uk-ua/product/200041.html
2025-07-14 11:56:56,138 - WARNING - Не знайдено назви продукту на сторінці https://www.mcdonalds.com/ua/uk-ua/product/200041.html
2025-07-14 11:56:56,139 - INFO - Обробка продукту 57/88: https://www.mcdonalds.com/ua/uk-ua/product/200042.html
2025-07-14 11:56:56,222 - WARNING - Не знайдено назви продукту на сторінці https://www.mcdonalds.com/ua/uk-ua/product/200042.html
2025-07-14 11:56:56,222 - INFO - Обробка продукту 58/88: https://www.mcdonalds.com/ua/uk-ua/product/200039.html
2025-07-14 11:56:56,305 - WARNING - Не знайдено назви продукту на сторінці https://www.mcdonalds.com/ua/uk-ua/product/200039.html
2025-07-14 11:56:56,305 - INFO - Обробка продукту 59/88: https://www.mcdonalds.com/ua/uk-ua/product/200040.html
2025-07-14 11:56:56,390 - WARNING - Не знайдено назви продукту на сторінці https://www.mcdonalds.com/ua/uk-ua/product/200040.html
2025-07-14 11:56:56,390 - INFO - Обробка продукту 60/88: https://www.mcdonalds.com/ua/uk-ua/product/200036.html
2025-07-14 11:56:56,472 - WARNING - Не знайдено назви продукту на сторінці https://www.mcdonalds.com/ua/uk-ua/product/200036.html
2025-07-14 11:56:56,472 - INFO - Обробка продукту 61/88: https://www.mcdonalds.com/ua/uk-ua/product/200037.html
2025-07-14 11:56:56,559 - WARNING - Не знайдено назви продукту на сторінці https://www.mcdonalds.com/ua/uk-ua/product/200037.html
2025-07-14 11:56:56,559 - INFO - Обробка продукту 62/88: https://www.mcdonalds.com/ua/uk-ua/product/200243.html
2025-07-14 11:56:56,641 - WARNING - Не знайдено назви продукту на сторінці https://www.mcdonalds.com/ua/uk-ua/product/200243.html
2025-07-14 11:56:56,642 - INFO - Обробка продукту 63/88: https://www.mcdonalds.com/ua/uk-ua/product/200244.html
2025-07-14 11:56:56,724 - WARNING - Не знайдено назви продукту на сторінці https://www.mcdonalds.com/ua/uk-ua/product/200244.html
2025-07-14 11:56:56,724 - INFO - Обробка продукту 64/88: https://www.mcdonalds.com/ua/uk-ua/product/200035.html
2025-07-14 11:56:56,814 - WARNING - Не знайдено назви продукту на сторінці https://www.mcdonalds.com/ua/uk-ua/product/200035.html
2025-07-14 11:56:56,814 - INFO - Обробка продукту 65/88: https://www.mcdonalds.com/ua/uk-ua/product/200242.html
2025-07-14 11:56:56,895 - WARNING - Не знайдено назви продукту на сторінці https://www.mcdonalds.com/ua/uk-ua/product/200242.html
2025-07-14 11:56:56,895 - INFO - Обробка продукту 66/88: https://www.mcdonalds.com/ua/uk-ua/product/200044.html
2025-07-14 11:56:56,989 - WARNING - Не знайдено назви продукту на сторінці https://www.mcdonalds.com/ua/uk-ua/product/200044.html
2025-07-14 11:56:56,990 - INFO - Обробка продукту 67/88: https://www.mcdonalds.com/ua/uk-ua/product/200033.html
2025-07-14 11:56:57,076 - WARNING - Не знайдено назви продукту на сторінці https://www.mcdonalds.com/ua/uk-ua/product/200033.html
2025-07-14 11:56:57,077 - INFO - Обробка продукту 68/88: https://www.mcdonalds.com/ua/uk-ua/product/200034.html
2025-07-14 11:56:57,208 - WARNING - Не знайдено назви продукту на сторінці https://www.mcdonalds.com/ua/uk-ua/product/200034.html
2025-07-14 11:56:57,208 - INFO - Обробка продукту 69/88: https://www.mcdonalds.com/ua/uk-ua/product/200083.html
2025-07-14 11:56:57,292 - WARNING - Не знайдено назви продукту на сторінці https://www.mcdonalds.com/ua/uk-ua/product/200083.html
2025-07-14 11:56:57,292 - INFO - Обробка продукту 70/88: https://www.mcdonalds.com/ua/uk-ua/product/200162.html
2025-07-14 11:56:57,410 - WARNING - Не знайдено назви продукту на сторінці https://www.mcdonalds.com/ua/uk-ua/product/200162.html
2025-07-14 11:56:57,410 - INFO - Обробка продукту 71/88: https://www.mcdonalds.com/ua/uk-ua/product/200163.html
2025-07-14 11:56:57,528 - WARNING - Не знайдено назви продукту на сторінці https://www.mcdonalds.com/ua/uk-ua/product/200163.html
2025-07-14 11:56:57,528 - INFO - Обробка продукту 72/88: https://www.mcdonalds.com/ua/uk-ua/product/200059.html
2025-07-14 11:56:57,610 - WARNING - Не знайдено назви продукту на сторінці https://www.mcdonalds.com/ua/uk-ua/product/200059.html
2025-07-14 11:56:57,611 - INFO - Обробка продукту 73/88: https://www.mcdonalds.com/ua/uk-ua/product/200060.html
2025-07-14 11:56:57,692 - WARNING - Не знайдено назви продукту на сторінці https://www.mcdonalds.com/ua/uk-ua/product/200060.html
2025-07-14 11:56:57,692 - INFO - Обробка продукту 74/88: https://www.mcdonalds.com/ua/uk-ua/product/200030.html
2025-07-14 11:56:57,774 - WARNING - Не знайдено назви продукту на сторінці https://www.mcdonalds.com/ua/uk-ua/product/200030.html
2025-07-14 11:56:57,774 - INFO - Обробка продукту 75/88: https://www.mcdonalds.com/ua/uk-ua/product/200031.html
2025-07-14 11:56:57,860 - WARNING - Не знайдено назви продукту на сторінці https://www.mcdonalds.com/ua/uk-ua/product/200031.html
2025-07-14 11:56:57,860 - INFO - Обробка продукту 76/88: https://www.mcdonalds.com/ua/uk-ua/product/200032.html
2025-07-14 11:56:57,942 - WARNING - Не знайдено назви продукту на сторінці https://www.mcdonalds.com/ua/uk-ua/product/200032.html
2025-07-14 11:56:57,942 - INFO - Обробка продукту 77/88: https://www.mcdonalds.com/ua/uk-ua/product/200048.html
2025-07-14 11:56:58,025 - WARNING - Не знайдено назви продукту на сторінці https://www.mcdonalds.com/ua/uk-ua/product/200048.html
2025-07-14 11:56:58,025 - INFO - Обробка продукту 78/88: https://www.mcdonalds.com/ua/uk-ua/product/200049.html
2025-07-14 11:56:58,110 - WARNING - Не знайдено назви продукту на сторінці https://www.mcdonalds.com/ua/uk-ua/product/200049.html
2025-07-14 11:56:58,111 - INFO - Обробка продукту 79/88: https://www.mcdonalds.com/ua/uk-ua/product/200050.html
2025-07-14 11:56:58,192 - WARNING - Не знайдено назви продукту на сторінці https://www.mcdonalds.com/ua/uk-ua/product/200050.html
2025-07-14 11:56:58,193 - INFO - Обробка продукту 80/88: https://www.mcdonalds.com/ua/uk-ua/product/200158.html
2025-07-14 11:56:58,277 - WARNING - Не знайдено назви продукту на сторінці https://www.mcdonalds.com/ua/uk-ua/product/200158.html
2025-07-14 11:56:58,278 - INFO - Обробка продукту 81/88: https://www.mcdonalds.com/ua/uk-ua/product/200159.html
2025-07-14 11:56:58,366 - WARNING - Не знайдено назви продукту на сторінці https://www.mcdonalds.com/ua/uk-ua/product/200159.html
2025-07-14 11:56:58,367 - INFO - Обробка продукту 82/88: https://www.mcdonalds.com/ua/uk-ua/product/200160.html
2025-07-14 11:56:58,455 - WARNING - Не знайдено назви продукту на сторінці https://www.mcdonalds.com/ua/uk-ua/product/200160.html
2025-07-14 11:56:58,455 - INFO - Обробка продукту 83/88: https://www.mcdonalds.com/ua/uk-ua/product/7317.html
2025-07-14 11:56:58,544 - WARNING - Не знайдено назви продукту на сторінці https://www.mcdonalds.com/ua/uk-ua/product/7317.html
2025-07-14 11:56:58,544 - INFO - Обробка продукту 84/88: https://www.mcdonalds.com/ua/uk-ua/product/7319.html
2025-07-14 11:56:58,633 - WARNING - Не знайдено назви продукту на сторінці https://www.mcdonalds.com/ua/uk-ua/product/7319.html
2025-07-14 11:56:58,634 - INFO - Обробка продукту 85/88: https://www.mcdonalds.com/ua/uk-ua/product/7316.html
2025-07-14 11:56:58,720 - WARNING - Не знайдено назви продукту на сторінці https://www.mcdonalds.com/ua/uk-ua/product/7316.html
2025-07-14 11:56:58,720 - INFO - Обробка продукту 86/88: https://www.mcdonalds.com/ua/uk-ua/product/7318.html
2025-07-14 11:56:58,804 - WARNING - Не знайдено назви продукту на сторінці https://www.mcdonalds.com/ua/uk-ua/product/7318.html
2025-07-14 11:56:58,804 - INFO - Обробка продукту 87/88: https://www.mcdonalds.com/ua/uk-ua/product/200361.html
2025-07-14 11:56:58,889 - WARNING - Не знайдено назви продукту на сторінці https://www.mcdonalds.com/ua/uk-ua/product/200361.html
2025-07-14 11:56:58,890 - INFO - Обробка продукту 88/88: https://www.mcdonalds.com/ua/uk-ua/product/7099.html
2025-07-14 11:56:58,977 - WARNING - Не знайдено назви продукту на сторінці https://www.mcdonalds.com/ua/uk-ua/product/7099.html
2025-07-14 11:56:58,978 - INFO - Дані збережено у файл menu_data.json
2025-07-14 11:56:58,978 - INFO - Успішно зібрано 0 продуктів
2025-07-14 12:00:03,564 - INFO - ====== WebDriver manager ======
2025-07-14 12:00:04,413 - INFO - Get LATEST chromedriver version for google-chrome
2025-07-14 12:00:04,490 - INFO - Get LATEST chromedriver version for google-chrome
2025-07-14 12:00:04,560 - INFO - There is no [win64] chromedriver "138.0.7204.94" for browser google-chrome "138.0.7204" in cache
2025-07-14 12:00:04,561 - INFO - Get LATEST chromedriver version for google-chrome
2025-07-14 12:00:04,768 - INFO - WebDriver version 138.0.7204.94 selected
2025-07-14 12:00:04,771 - INFO - Modern chrome version https://storage.googleapis.com/chrome-for-testing-public/138.0.7204.94/win32/chromedriver-win32.zip
2025-07-14 12:00:04,772 - INFO - About to download new driver from https://storage.googleapis.com/chrome-for-testing-public/138.0.7204.94/win32/chromedriver-win32.zip
2025-07-14 12:00:04,882 - INFO - Driver downloading response is 200
2025-07-14 12:00:05,216 - INFO - Get LATEST chromedriver version for google-chrome
2025-07-14 12:00:15,348 - INFO - Driver has been saved in cache [C:\Users\xfex2\.wdm\drivers\chromedriver\win64\138.0.7204.94]
2025-07-14 12:00:17,158 - INFO - Скрапінг головного меню
2025-07-14 12:00:22,945 - INFO - Знайдено 88 продуктів
2025-07-14 12:00:22,946 - INFO - Обробка 1/88: https://www.mcdonalds.com/ua/uk-ua/product/200428.html
2025-07-14 12:00:26,320 - INFO - Обробка 2/88: https://www.mcdonalds.com/ua/uk-ua/product/200429.html
2025-07-14 12:00:30,271 - INFO - Обробка 3/88: https://www.mcdonalds.com/ua/uk-ua/product/200430.html
2025-07-14 12:00:33,702 - INFO - Обробка 4/88: https://www.mcdonalds.com/ua/uk-ua/product/200396.html
2025-07-14 12:00:37,701 - INFO - Обробка 5/88: https://www.mcdonalds.com/ua/uk-ua/product/200403.html
2025-07-14 12:00:41,692 - INFO - Обробка 6/88: https://www.mcdonalds.com/ua/uk-ua/product/200148.html
2025-07-14 12:00:45,265 - INFO - Обробка 7/88: https://www.mcdonalds.com/ua/uk-ua/product/200154.html
2025-07-14 12:00:49,262 - INFO - Обробка 8/88: https://www.mcdonalds.com/ua/uk-ua/product/200150.html
2025-07-14 12:00:53,273 - INFO - Обробка 9/88: https://www.mcdonalds.com/ua/uk-ua/product/200152.html
2025-07-14 12:00:57,270 - INFO - Обробка 10/88: https://www.mcdonalds.com/ua/uk-ua/product/200155.html
2025-07-14 12:01:00,680 - INFO - Обробка 11/88: https://www.mcdonalds.com/ua/uk-ua/product/200153.html
2025-07-14 12:01:04,287 - INFO - Обробка 12/88: https://www.mcdonalds.com/ua/uk-ua/product/200257.html
2025-07-14 12:01:07,990 - INFO - Обробка 13/88: https://www.mcdonalds.com/ua/uk-ua/product/200266.html
2025-07-14 12:01:12,011 - INFO - Обробка 14/88: https://www.mcdonalds.com/ua/uk-ua/product/200151.html
2025-07-14 12:01:15,558 - INFO - Обробка 15/88: https://www.mcdonalds.com/ua/uk-ua/product/200372.html
2025-07-14 12:01:19,315 - INFO - Обробка 16/88: https://www.mcdonalds.com/ua/uk-ua/product/200010.html
2025-07-14 12:01:22,571 - INFO - Обробка 17/88: https://www.mcdonalds.com/ua/uk-ua/product/200136.html
2025-07-14 12:01:26,095 - INFO - Обробка 18/88: https://www.mcdonalds.com/ua/uk-ua/product/200137.html
2025-07-14 12:01:29,707 - INFO - Обробка 19/88: https://www.mcdonalds.com/ua/uk-ua/product/200026.html
2025-07-14 12:01:33,767 - INFO - Обробка 20/88: https://www.mcdonalds.com/ua/uk-ua/product/200027.html
2025-07-14 12:01:37,226 - INFO - Обробка 21/88: https://www.mcdonalds.com/ua/uk-ua/product/200028.html
2025-07-14 12:01:40,857 - INFO - Обробка 22/88: https://www.mcdonalds.com/ua/uk-ua/product/2133.html
2025-07-14 12:01:44,338 - INFO - Обробка 23/88: https://www.mcdonalds.com/ua/uk-ua/product/200339.html
2025-07-14 12:01:47,807 - INFO - Обробка 24/88: https://www.mcdonalds.com/ua/uk-ua/product/200340.html
2025-07-14 12:01:51,286 - INFO - Обробка 25/88: https://www.mcdonalds.com/ua/uk-ua/product/200341.html
2025-07-14 12:01:54,835 - INFO - Обробка 26/88: https://www.mcdonalds.com/ua/uk-ua/product/200342.html
2025-07-14 12:01:58,753 - INFO - Обробка 27/88: https://www.mcdonalds.com/ua/uk-ua/product/200051.html
2025-07-14 12:02:02,234 - INFO - Обробка 28/88: https://www.mcdonalds.com/ua/uk-ua/product/200052.html
2025-07-14 12:02:05,916 - INFO - Обробка 29/88: https://www.mcdonalds.com/ua/uk-ua/product/200053.html
2025-07-14 12:02:09,980 - INFO - Обробка 30/88: https://www.mcdonalds.com/ua/uk-ua/product/200195.html
2025-07-14 12:02:14,056 - INFO - Обробка 31/88: https://www.mcdonalds.com/ua/uk-ua/product/200375.html
2025-07-14 12:02:18,053 - INFO - Обробка 32/88: https://www.mcdonalds.com/ua/uk-ua/product/200376.html
2025-07-14 12:02:22,088 - INFO - Обробка 33/88: https://www.mcdonalds.com/ua/uk-ua/product/200144.html
2025-07-14 12:02:25,607 - INFO - Обробка 34/88: https://www.mcdonalds.com/ua/uk-ua/product/200140.html
2025-07-14 12:02:29,563 - INFO - Обробка 35/88: https://www.mcdonalds.com/ua/uk-ua/product/200143.html
2025-07-14 12:02:33,565 - INFO - Обробка 36/88: https://www.mcdonalds.com/ua/uk-ua/product/200145.html
2025-07-14 12:02:37,158 - INFO - Обробка 37/88: https://www.mcdonalds.com/ua/uk-ua/product/200146.html
2025-07-14 12:02:41,140 - INFO - Обробка 38/88: https://www.mcdonalds.com/ua/uk-ua/product/200141.html
2025-07-14 12:02:45,136 - INFO - Обробка 39/88: https://www.mcdonalds.com/ua/uk-ua/product/200054.html
2025-07-14 12:02:48,597 - INFO - Обробка 40/88: https://www.mcdonalds.com/ua/uk-ua/product/200123.html
2025-07-14 12:02:52,583 - INFO - Обробка 41/88: https://www.mcdonalds.com/ua/uk-ua/product/200125.html
2025-07-14 12:02:56,051 - INFO - Обробка 42/88: https://www.mcdonalds.com/ua/uk-ua/product/200127.html
2025-07-14 12:02:59,376 - INFO - Обробка 43/88: https://www.mcdonalds.com/ua/uk-ua/product/200124.html
2025-07-14 12:03:03,338 - INFO - Обробка 44/88: https://www.mcdonalds.com/ua/uk-ua/product/200126.html
2025-07-14 12:03:07,330 - INFO - Обробка 45/88: https://www.mcdonalds.com/ua/uk-ua/product/200128.html
2025-07-14 12:03:10,658 - INFO - Обробка 46/88: https://www.mcdonalds.com/ua/uk-ua/product/200055.html
2025-07-14 12:03:14,000 - INFO - Обробка 47/88: https://www.mcdonalds.com/ua/uk-ua/product/200112.html
2025-07-14 12:03:17,691 - INFO - Обробка 48/88: https://www.mcdonalds.com/ua/uk-ua/product/200111.html
2025-07-14 12:03:21,699 - INFO - Обробка 49/88: https://www.mcdonalds.com/ua/uk-ua/product/200113.html
2025-07-14 12:03:25,312 - INFO - Обробка 50/88: https://www.mcdonalds.com/ua/uk-ua/product/200116.html
2025-07-14 12:03:28,787 - INFO - Обробка 51/88: https://www.mcdonalds.com/ua/uk-ua/product/200121.html
2025-07-14 12:03:32,633 - INFO - Обробка 52/88: https://www.mcdonalds.com/ua/uk-ua/product/200119.html
2025-07-14 12:03:35,973 - INFO - Обробка 53/88: https://www.mcdonalds.com/ua/uk-ua/product/200114.html
2025-07-14 12:03:43,354 - INFO - Обробка 54/88: https://www.mcdonalds.com/ua/uk-ua/product/200249.html
2025-07-14 12:03:49,509 - INFO - Обробка 55/88: https://www.mcdonalds.com/ua/uk-ua/product/200231.html
2025-07-14 12:03:53,518 - INFO - Обробка 56/88: https://www.mcdonalds.com/ua/uk-ua/product/200041.html
2025-07-14 12:03:57,031 - INFO - Обробка 57/88: https://www.mcdonalds.com/ua/uk-ua/product/200042.html
2025-07-14 12:04:00,587 - INFO - Обробка 58/88: https://www.mcdonalds.com/ua/uk-ua/product/200039.html
2025-07-14 12:04:04,604 - INFO - Обробка 59/88: https://www.mcdonalds.com/ua/uk-ua/product/200040.html
2025-07-14 12:04:08,107 - INFO - Обробка 60/88: https://www.mcdonalds.com/ua/uk-ua/product/200036.html
2025-07-14 12:04:12,141 - INFO - Обробка 61/88: https://www.mcdonalds.com/ua/uk-ua/product/200037.html
2025-07-14 12:04:16,215 - INFO - Обробка 62/88: https://www.mcdonalds.com/ua/uk-ua/product/200243.html
2025-07-14 12:04:19,716 - INFO - Обробка 63/88: https://www.mcdonalds.com/ua/uk-ua/product/200244.html
2025-07-14 12:04:23,043 - INFO - Обробка 64/88: https://www.mcdonalds.com/ua/uk-ua/product/200035.html
2025-07-14 12:04:26,537 - INFO - Обробка 65/88: https://www.mcdonalds.com/ua/uk-ua/product/200242.html
2025-07-14 12:04:30,497 - INFO - Обробка 66/88: https://www.mcdonalds.com/ua/uk-ua/product/200044.html
2025-07-14 12:04:34,027 - INFO - Обробка 67/88: https://www.mcdonalds.com/ua/uk-ua/product/200033.html
2025-07-14 12:04:37,589 - INFO - Обробка 68/88: https://www.mcdonalds.com/ua/uk-ua/product/200034.html
2025-07-14 12:04:41,548 - INFO - Обробка 69/88: https://www.mcdonalds.com/ua/uk-ua/product/200083.html
2025-07-14 12:04:45,196 - INFO - Обробка 70/88: https://www.mcdonalds.com/ua/uk-ua/product/200162.html
2025-07-14 12:04:49,269 - INFO - Обробка 71/88: https://www.mcdonalds.com/ua/uk-ua/product/200163.html
2025-07-14 12:04:52,732 - INFO - Обробка 72/88: https://www.mcdonalds.com/ua/uk-ua/product/200059.html
2025-07-14 12:04:56,113 - INFO - Обробка 73/88: https://www.mcdonalds.com/ua/uk-ua/product/200060.html
2025-07-14 12:04:59,707 - INFO - Обробка 74/88: https://www.mcdonalds.com/ua/uk-ua/product/200030.html
2025-07-14 12:05:03,211 - INFO - Обробка 75/88: https://www.mcdonalds.com/ua/uk-ua/product/200031.html
2025-07-14 12:05:06,943 - INFO - Обробка 76/88: https://www.mcdonalds.com/ua/uk-ua/product/200032.html
2025-07-14 12:05:11,213 - INFO - Обробка 77/88: https://www.mcdonalds.com/ua/uk-ua/product/200048.html
2025-07-14 12:05:14,737 - INFO - Обробка 78/88: https://www.mcdonalds.com/ua/uk-ua/product/200049.html
2025-07-14 12:05:18,727 - INFO - Обробка 79/88: https://www.mcdonalds.com/ua/uk-ua/product/200050.html
2025-07-14 12:05:22,157 - INFO - Обробка 80/88: https://www.mcdonalds.com/ua/uk-ua/product/200158.html
2025-07-14 12:05:25,668 - INFO - Обробка 81/88: https://www.mcdonalds.com/ua/uk-ua/product/200159.html
2025-07-14 12:05:29,168 - INFO - Обробка 82/88: https://www.mcdonalds.com/ua/uk-ua/product/200160.html
2025-07-14 12:05:33,202 - INFO - Обробка 83/88: https://www.mcdonalds.com/ua/uk-ua/product/7317.html
2025-07-14 12:05:36,932 - INFO - Обробка 84/88: https://www.mcdonalds.com/ua/uk-ua/product/7319.html
2025-07-14 12:05:40,321 - INFO - Обробка 85/88: https://www.mcdonalds.com/ua/uk-ua/product/7316.html
2025-07-14 12:05:43,875 - INFO - Обробка 86/88: https://www.mcdonalds.com/ua/uk-ua/product/7318.html
2025-07-14 12:05:47,415 - INFO - Обробка 87/88: https://www.mcdonalds.com/ua/uk-ua/product/200361.html
2025-07-14 12:05:51,468 - INFO - Обробка 88/88: https://www.mcdonalds.com/ua/uk-ua/product/7099.html
2025-07-14 12:05:55,537 - INFO - Дані збережено у menu_data.json
2025-07-14 12:06:52,565 - INFO - ====== WebDriver manager ======
2025-07-14 12:06:53,272 - INFO - Get LATEST chromedriver version for google-chrome
2025-07-14 12:06:53,360 - INFO - Get LATEST chromedriver version for google-chrome
2025-07-14 12:06:53,445 - INFO - Driver [C:\Users\xfex2\.wdm\drivers\chromedriver\win64\138.0.7204.94\chromedriver-win32/chromedriver.exe] found in cache
2025-07-14 12:06:54,489 - INFO - Скрапінг головного меню
2025-07-14 12:07:00,273 - INFO - Знайдено 88 продуктів
2025-07-14 12:07:00,273 - INFO - Обробка 1/88: https://www.mcdonalds.com/ua/uk-ua/product/200428.html
2025-07-14 12:07:00,273 - ERROR - Критична помилка: 'McDonaldsUaScraperSelenium' object has no attribute '_scrape_product_page'
2025-07-14 12:28:42,125 - INFO - ====== WebDriver manager ======
2025-07-14 12:28:42,835 - INFO - Get LATEST chromedriver version for google-chrome
2025-07-14 12:28:42,918 - INFO - Get LATEST chromedriver version for google-chrome
2025-07-14 12:28:42,991 - INFO - Driver [C:\Users\xfex2\.wdm\drivers\chromedriver\win64\138.0.7204.94\chromedriver-win32/chromedriver.exe] found in cache
2025-07-14 12:28:44,044 - INFO - Скрапінг головного меню
2025-07-14 12:28:50,859 - INFO - Знайдено 88 продуктів
2025-07-14 12:28:50,859 - INFO - Обробка 1/88: https://www.mcdonalds.com/ua/uk-ua/product/200428.html
2025-07-14 12:28:50,860 - ERROR - Критична помилка: 'McDonaldsUaScraperSelenium' object has no attribute '_scrape_product_page'
2025-07-14 12:33:33,123 - INFO - ====== WebDriver manager ======
2025-07-14 12:33:33,846 - INFO - Get LATEST chromedriver version for google-chrome
2025-07-14 12:33:33,940 - INFO - Get LATEST chromedriver version for google-chrome
2025-07-14 12:33:34,012 - INFO - Driver [C:\Users\xfex2\.wdm\drivers\chromedriver\win64\138.0.7204.94\chromedriver-win32/chromedriver.exe] found in cache
2025-07-14 12:33:35,057 - INFO - Скрапінг головного меню
2025-07-14 12:33:40,856 - INFO - Знайдено 88 продуктів
2025-07-14 12:33:40,857 - INFO - Обробка 1/88: https://www.mcdonalds.com/ua/uk-ua/product/200428.html
2025-07-14 12:33:40,857 - ERROR - Критична помилка: 'McDonaldsUaScraperSelenium' object has no attribute '_scrape_product_page'
2025-07-14 12:34:43,453 - INFO - ====== WebDriver manager ======
2025-07-14 12:34:44,158 - INFO - Get LATEST chromedriver version for google-chrome
2025-07-14 12:34:44,239 - INFO - Get LATEST chromedriver version for google-chrome
2025-07-14 12:34:44,310 - INFO - Driver [C:\Users\xfex2\.wdm\drivers\chromedriver\win64\138.0.7204.94\chromedriver-win32/chromedriver.exe] found in cache
2025-07-14 12:34:45,351 - INFO - Скрапінг головного меню
2025-07-14 12:34:51,157 - INFO - Знайдено 88 продуктів
2025-07-14 12:34:51,157 - INFO - Обробка 1/88: https://www.mcdonalds.com/ua/uk-ua/product/200428.html
2025-07-14 12:34:51,530 - INFO - Обробка 2/88: https://www.mcdonalds.com/ua/uk-ua/product/200429.html
2025-07-14 12:34:51,864 - INFO - Обробка 3/88: https://www.mcdonalds.com/ua/uk-ua/product/200430.html
2025-07-14 12:34:52,274 - INFO - Обробка 4/88: https://www.mcdonalds.com/ua/uk-ua/product/200396.html
2025-07-14 12:34:52,727 - INFO - Обробка 5/88: https://www.mcdonalds.com/ua/uk-ua/product/200403.html
2025-07-14 12:34:53,014 - INFO - Обробка 6/88: https://www.mcdonalds.com/ua/uk-ua/product/200148.html
2025-07-14 12:34:53,330 - INFO - Обробка 7/88: https://www.mcdonalds.com/ua/uk-ua/product/200154.html
2025-07-14 12:34:54,288 - INFO - Обробка 8/88: https://www.mcdonalds.com/ua/uk-ua/product/200150.html
2025-07-14 12:34:54,593 - INFO - Обробка 9/88: https://www.mcdonalds.com/ua/uk-ua/product/200152.html
2025-07-14 12:34:55,043 - INFO - Обробка 10/88: https://www.mcdonalds.com/ua/uk-ua/product/200155.html
2025-07-14 12:34:55,602 - INFO - Обробка 11/88: https://www.mcdonalds.com/ua/uk-ua/product/200153.html
2025-07-14 12:34:56,710 - INFO - Обробка 12/88: https://www.mcdonalds.com/ua/uk-ua/product/200257.html
2025-07-14 12:34:57,177 - INFO - Обробка 13/88: https://www.mcdonalds.com/ua/uk-ua/product/200266.html
2025-07-14 12:34:57,527 - INFO - Обробка 14/88: https://www.mcdonalds.com/ua/uk-ua/product/200151.html
2025-07-14 12:34:58,491 - INFO - Обробка 15/88: https://www.mcdonalds.com/ua/uk-ua/product/200372.html
2025-07-14 12:34:58,972 - INFO - Обробка 16/88: https://www.mcdonalds.com/ua/uk-ua/product/200010.html
2025-07-14 12:34:59,905 - INFO - Обробка 17/88: https://www.mcdonalds.com/ua/uk-ua/product/200136.html
2025-07-14 12:35:00,279 - INFO - Обробка 18/88: https://www.mcdonalds.com/ua/uk-ua/product/200137.html
2025-07-14 12:35:00,716 - INFO - Обробка 19/88: https://www.mcdonalds.com/ua/uk-ua/product/200026.html
2025-07-14 12:35:01,871 - INFO - Обробка 20/88: https://www.mcdonalds.com/ua/uk-ua/product/200027.html
2025-07-14 12:35:02,443 - INFO - Обробка 21/88: https://www.mcdonalds.com/ua/uk-ua/product/200028.html
2025-07-14 12:35:02,829 - INFO - Обробка 22/88: https://www.mcdonalds.com/ua/uk-ua/product/2133.html
2025-07-14 12:35:03,828 - INFO - Обробка 23/88: https://www.mcdonalds.com/ua/uk-ua/product/200339.html
2025-07-14 12:35:04,392 - INFO - Обробка 24/88: https://www.mcdonalds.com/ua/uk-ua/product/200340.html
2025-07-14 12:35:05,372 - INFO - Обробка 25/88: https://www.mcdonalds.com/ua/uk-ua/product/200341.html
2025-07-14 12:35:05,898 - INFO - Обробка 26/88: https://www.mcdonalds.com/ua/uk-ua/product/200342.html
2025-07-14 12:35:06,165 - INFO - Обробка 27/88: https://www.mcdonalds.com/ua/uk-ua/product/200051.html
2025-07-14 12:35:06,803 - INFO - Обробка 28/88: https://www.mcdonalds.com/ua/uk-ua/product/200052.html
2025-07-14 12:35:08,241 - INFO - Обробка 29/88: https://www.mcdonalds.com/ua/uk-ua/product/200053.html
2025-07-14 12:35:09,173 - INFO - Обробка 30/88: https://www.mcdonalds.com/ua/uk-ua/product/200195.html
2025-07-14 12:35:09,612 - INFO - Обробка 31/88: https://www.mcdonalds.com/ua/uk-ua/product/200375.html
2025-07-14 12:35:10,034 - INFO - Обробка 32/88: https://www.mcdonalds.com/ua/uk-ua/product/200376.html
2025-07-14 12:35:10,590 - INFO - Обробка 33/88: https://www.mcdonalds.com/ua/uk-ua/product/200144.html
2025-07-14 12:35:11,049 - INFO - Обробка 34/88: https://www.mcdonalds.com/ua/uk-ua/product/200140.html
2025-07-14 12:35:11,998 - INFO - Обробка 35/88: https://www.mcdonalds.com/ua/uk-ua/product/200143.html
2025-07-14 12:35:12,482 - INFO - Обробка 36/88: https://www.mcdonalds.com/ua/uk-ua/product/200145.html
2025-07-14 12:35:13,026 - INFO - Обробка 37/88: https://www.mcdonalds.com/ua/uk-ua/product/200146.html
2025-07-14 12:35:14,040 - INFO - Обробка 38/88: https://www.mcdonalds.com/ua/uk-ua/product/200141.html
2025-07-14 12:35:14,421 - INFO - Обробка 39/88: https://www.mcdonalds.com/ua/uk-ua/product/200054.html
2025-07-14 12:35:15,373 - INFO - Обробка 40/88: https://www.mcdonalds.com/ua/uk-ua/product/200123.html
2025-07-14 12:35:15,843 - INFO - Обробка 41/88: https://www.mcdonalds.com/ua/uk-ua/product/200125.html
2025-07-14 12:35:16,225 - INFO - Обробка 42/88: https://www.mcdonalds.com/ua/uk-ua/product/200127.html
2025-07-14 12:35:16,661 - INFO - Обробка 43/88: https://www.mcdonalds.com/ua/uk-ua/product/200124.html
2025-07-14 12:35:17,643 - INFO - Обробка 44/88: https://www.mcdonalds.com/ua/uk-ua/product/200126.html
2025-07-14 12:35:18,117 - INFO - Обробка 45/88: https://www.mcdonalds.com/ua/uk-ua/product/200128.html
2025-07-14 12:35:19,194 - INFO - Обробка 46/88: https://www.mcdonalds.com/ua/uk-ua/product/200055.html
2025-07-14 12:35:19,590 - INFO - Обробка 47/88: https://www.mcdonalds.com/ua/uk-ua/product/200112.html
2025-07-14 12:35:20,601 - INFO - Обробка 48/88: https://www.mcdonalds.com/ua/uk-ua/product/200111.html
2025-07-14 12:35:21,664 - INFO - Обробка 49/88: https://www.mcdonalds.com/ua/uk-ua/product/200113.html
2025-07-14 12:35:22,598 - INFO - Обробка 50/88: https://www.mcdonalds.com/ua/uk-ua/product/200116.html
2025-07-14 12:35:23,077 - INFO - Обробка 51/88: https://www.mcdonalds.com/ua/uk-ua/product/200121.html
2025-07-14 12:35:24,049 - INFO - Обробка 52/88: https://www.mcdonalds.com/ua/uk-ua/product/200119.html
2025-07-14 12:35:24,725 - INFO - Обробка 53/88: https://www.mcdonalds.com/ua/uk-ua/product/200114.html
2025-07-14 12:35:25,159 - INFO - Обробка 54/88: https://www.mcdonalds.com/ua/uk-ua/product/200249.html
2025-07-14 12:35:25,834 - INFO - Обробка 55/88: https://www.mcdonalds.com/ua/uk-ua/product/200231.html
2025-07-14 12:35:26,924 - INFO - Обробка 56/88: https://www.mcdonalds.com/ua/uk-ua/product/200041.html
2025-07-14 12:35:27,957 - INFO - Обробка 57/88: https://www.mcdonalds.com/ua/uk-ua/product/200042.html
2025-07-14 12:35:29,025 - INFO - Обробка 58/88: https://www.mcdonalds.com/ua/uk-ua/product/200039.html
2025-07-14 12:35:29,462 - INFO - Обробка 59/88: https://www.mcdonalds.com/ua/uk-ua/product/200040.html
2025-07-14 12:35:30,470 - INFO - Обробка 60/88: https://www.mcdonalds.com/ua/uk-ua/product/200036.html
2025-07-14 12:35:31,040 - INFO - Обробка 61/88: https://www.mcdonalds.com/ua/uk-ua/product/200037.html
2025-07-14 12:35:31,599 - INFO - Обробка 62/88: https://www.mcdonalds.com/ua/uk-ua/product/200243.html
2025-07-14 12:35:32,171 - INFO - Обробка 63/88: https://www.mcdonalds.com/ua/uk-ua/product/200244.html
2025-07-14 12:35:32,609 - INFO - Обробка 64/88: https://www.mcdonalds.com/ua/uk-ua/product/200035.html
2025-07-14 12:35:33,624 - INFO - Обробка 65/88: https://www.mcdonalds.com/ua/uk-ua/product/200242.html
2025-07-14 12:35:34,688 - INFO - Обробка 66/88: https://www.mcdonalds.com/ua/uk-ua/product/200044.html
2025-07-14 12:35:35,703 - INFO - Обробка 67/88: https://www.mcdonalds.com/ua/uk-ua/product/200033.html
2025-07-14 12:35:36,248 - INFO - Обробка 68/88: https://www.mcdonalds.com/ua/uk-ua/product/200034.html
2025-07-14 12:35:37,263 - INFO - Обробка 69/88: https://www.mcdonalds.com/ua/uk-ua/product/200083.html
2025-07-14 12:35:37,859 - INFO - Обробка 70/88: https://www.mcdonalds.com/ua/uk-ua/product/200162.html
2025-07-14 12:35:38,505 - INFO - Обробка 71/88: https://www.mcdonalds.com/ua/uk-ua/product/200163.html
2025-07-14 12:35:38,938 - INFO - Обробка 72/88: https://www.mcdonalds.com/ua/uk-ua/product/200059.html
2025-07-14 12:35:39,414 - INFO - Обробка 73/88: https://www.mcdonalds.com/ua/uk-ua/product/200060.html
2025-07-14 12:35:40,409 - INFO - Обробка 74/88: https://www.mcdonalds.com/ua/uk-ua/product/200030.html
2025-07-14 12:35:41,150 - INFO - Обробка 75/88: https://www.mcdonalds.com/ua/uk-ua/product/200031.html
2025-07-14 12:35:42,077 - INFO - Обробка 76/88: https://www.mcdonalds.com/ua/uk-ua/product/200032.html
2025-07-14 12:35:43,096 - INFO - Обробка 77/88: https://www.mcdonalds.com/ua/uk-ua/product/200048.html
2025-07-14 12:35:43,604 - INFO - Обробка 78/88: https://www.mcdonalds.com/ua/uk-ua/product/200049.html
2025-07-14 12:35:44,625 - INFO - Обробка 79/88: https://www.mcdonalds.com/ua/uk-ua/product/200050.html
2025-07-14 12:35:45,553 - INFO - Обробка 80/88: https://www.mcdonalds.com/ua/uk-ua/product/200158.html
2025-07-14 12:35:46,061 - INFO - Обробка 81/88: https://www.mcdonalds.com/ua/uk-ua/product/200159.html
2025-07-14 12:35:46,994 - INFO - Обробка 82/88: https://www.mcdonalds.com/ua/uk-ua/product/200160.html
2025-07-14 12:35:47,569 - INFO - Обробка 83/88: https://www.mcdonalds.com/ua/uk-ua/product/7317.html
2025-07-14 12:35:48,611 - INFO - Обробка 84/88: https://www.mcdonalds.com/ua/uk-ua/product/7319.html
2025-07-14 12:35:49,618 - INFO - Обробка 85/88: https://www.mcdonalds.com/ua/uk-ua/product/7316.html
2025-07-14 12:35:50,122 - INFO - Обробка 86/88: https://www.mcdonalds.com/ua/uk-ua/product/7318.html
2025-07-14 12:35:50,634 - INFO - Обробка 87/88: https://www.mcdonalds.com/ua/uk-ua/product/200361.html
2025-07-14 12:35:51,157 - INFO - Обробка 88/88: https://www.mcdonalds.com/ua/uk-ua/product/7099.html
2025-07-14 12:35:51,780 - INFO - Дані збережено у menu_data.json
2025-07-14 12:39:00,311 - INFO - ====== WebDriver manager ======
2025-07-14 12:39:01,044 - INFO - Get LATEST chromedriver version for google-chrome
2025-07-14 12:39:01,120 - INFO - Get LATEST chromedriver version for google-chrome
2025-07-14 12:39:01,192 - INFO - Driver [C:\Users\xfex2\.wdm\drivers\chromedriver\win64\138.0.7204.94\chromedriver-win32/chromedriver.exe] found in cache
2025-07-14 12:39:02,234 - INFO - Скрапінг головного меню
2025-07-14 12:39:08,106 - INFO - Знайдено 88 продуктів
2025-07-14 12:39:08,106 - INFO - Обробка 1/88: https://www.mcdonalds.com/ua/uk-ua/product/200428.html
2025-07-14 12:39:18,643 - WARNING - Заголовок не завантажився: https://www.mcdonalds.com/ua/uk-ua/product/200428.html
2025-07-14 12:39:18,643 - INFO - Обробка 2/88: https://www.mcdonalds.com/ua/uk-ua/product/200429.html
2025-07-14 12:39:29,554 - WARNING - Заголовок не завантажився: https://www.mcdonalds.com/ua/uk-ua/product/200429.html
2025-07-14 12:39:29,555 - INFO - Обробка 3/88: https://www.mcdonalds.com/ua/uk-ua/product/200430.html
2025-07-14 12:39:39,864 - WARNING - Заголовок не завантажився: https://www.mcdonalds.com/ua/uk-ua/product/200430.html
2025-07-14 12:39:39,865 - INFO - Обробка 4/88: https://www.mcdonalds.com/ua/uk-ua/product/200396.html
2025-07-14 12:39:50,274 - WARNING - Заголовок не завантажився: https://www.mcdonalds.com/ua/uk-ua/product/200396.html
2025-07-14 12:39:50,274 - INFO - Обробка 5/88: https://www.mcdonalds.com/ua/uk-ua/product/200403.html
2025-07-14 12:40:00,846 - WARNING - Заголовок не завантажився: https://www.mcdonalds.com/ua/uk-ua/product/200403.html
2025-07-14 12:40:00,846 - INFO - Обробка 6/88: https://www.mcdonalds.com/ua/uk-ua/product/200148.html
2025-07-14 12:40:12,124 - WARNING - Заголовок не завантажився: https://www.mcdonalds.com/ua/uk-ua/product/200148.html
2025-07-14 12:40:12,125 - INFO - Обробка 7/88: https://www.mcdonalds.com/ua/uk-ua/product/200154.html
2025-07-14 12:40:22,638 - WARNING - Заголовок не завантажився: https://www.mcdonalds.com/ua/uk-ua/product/200154.html
2025-07-14 12:40:22,639 - INFO - Обробка 8/88: https://www.mcdonalds.com/ua/uk-ua/product/200150.html
2025-07-14 12:40:33,188 - WARNING - Заголовок не завантажився: https://www.mcdonalds.com/ua/uk-ua/product/200150.html
2025-07-14 12:40:33,188 - INFO - Обробка 9/88: https://www.mcdonalds.com/ua/uk-ua/product/200152.html
2025-07-14 12:40:43,648 - WARNING - Заголовок не завантажився: https://www.mcdonalds.com/ua/uk-ua/product/200152.html
2025-07-14 12:40:43,649 - INFO - Обробка 10/88: https://www.mcdonalds.com/ua/uk-ua/product/200155.html
2025-07-14 12:40:55,590 - WARNING - Заголовок не завантажився: https://www.mcdonalds.com/ua/uk-ua/product/200155.html
2025-07-14 12:40:55,590 - INFO - Обробка 11/88: https://www.mcdonalds.com/ua/uk-ua/product/200153.html
2025-07-14 12:41:05,993 - WARNING - Заголовок не завантажився: https://www.mcdonalds.com/ua/uk-ua/product/200153.html
2025-07-14 12:41:05,993 - INFO - Обробка 12/88: https://www.mcdonalds.com/ua/uk-ua/product/200257.html
2025-07-14 12:41:16,577 - WARNING - Заголовок не завантажився: https://www.mcdonalds.com/ua/uk-ua/product/200257.html
2025-07-14 12:41:16,577 - INFO - Обробка 13/88: https://www.mcdonalds.com/ua/uk-ua/product/200266.html
2025-07-14 12:41:26,943 - WARNING - Заголовок не завантажився: https://www.mcdonalds.com/ua/uk-ua/product/200266.html
2025-07-14 12:41:26,943 - INFO - Обробка 14/88: https://www.mcdonalds.com/ua/uk-ua/product/200151.html
2025-07-14 12:41:37,550 - WARNING - Заголовок не завантажився: https://www.mcdonalds.com/ua/uk-ua/product/200151.html
2025-07-14 12:41:37,550 - INFO - Обробка 15/88: https://www.mcdonalds.com/ua/uk-ua/product/200372.html
2025-07-14 12:41:48,197 - WARNING - Заголовок не завантажився: https://www.mcdonalds.com/ua/uk-ua/product/200372.html
2025-07-14 12:41:48,197 - INFO - Обробка 16/88: https://www.mcdonalds.com/ua/uk-ua/product/200010.html
2025-07-14 12:41:59,187 - WARNING - Заголовок не завантажився: https://www.mcdonalds.com/ua/uk-ua/product/200010.html
2025-07-14 12:41:59,188 - INFO - Обробка 17/88: https://www.mcdonalds.com/ua/uk-ua/product/200136.html
2025-07-14 12:42:10,276 - WARNING - Заголовок не завантажився: https://www.mcdonalds.com/ua/uk-ua/product/200136.html
2025-07-14 12:42:10,276 - INFO - Обробка 18/88: https://www.mcdonalds.com/ua/uk-ua/product/200137.html
2025-07-14 12:42:21,313 - WARNING - Заголовок не завантажився: https://www.mcdonalds.com/ua/uk-ua/product/200137.html
2025-07-14 12:42:21,313 - INFO - Обробка 19/88: https://www.mcdonalds.com/ua/uk-ua/product/200026.html
2025-07-14 12:42:32,003 - WARNING - Заголовок не завантажився: https://www.mcdonalds.com/ua/uk-ua/product/200026.html
2025-07-14 12:42:32,003 - INFO - Обробка 20/88: https://www.mcdonalds.com/ua/uk-ua/product/200027.html
2025-07-14 12:42:42,525 - WARNING - Заголовок не завантажився: https://www.mcdonalds.com/ua/uk-ua/product/200027.html
2025-07-14 12:42:42,525 - INFO - Обробка 21/88: https://www.mcdonalds.com/ua/uk-ua/product/200028.html
2025-07-14 12:42:53,057 - WARNING - Заголовок не завантажився: https://www.mcdonalds.com/ua/uk-ua/product/200028.html
2025-07-14 12:42:53,058 - INFO - Обробка 22/88: https://www.mcdonalds.com/ua/uk-ua/product/2133.html
2025-07-14 12:43:03,773 - WARNING - Заголовок не завантажився: https://www.mcdonalds.com/ua/uk-ua/product/2133.html
2025-07-14 12:43:03,773 - INFO - Обробка 23/88: https://www.mcdonalds.com/ua/uk-ua/product/200339.html
2025-07-14 12:43:14,892 - WARNING - Заголовок не завантажився: https://www.mcdonalds.com/ua/uk-ua/product/200339.html
2025-07-14 12:43:14,893 - INFO - Обробка 24/88: https://www.mcdonalds.com/ua/uk-ua/product/200340.html
2025-07-14 12:43:25,513 - WARNING - Заголовок не завантажився: https://www.mcdonalds.com/ua/uk-ua/product/200340.html
2025-07-14 12:43:25,513 - INFO - Обробка 25/88: https://www.mcdonalds.com/ua/uk-ua/product/200341.html
2025-07-14 12:43:36,583 - WARNING - Заголовок не завантажився: https://www.mcdonalds.com/ua/uk-ua/product/200341.html
2025-07-14 12:43:36,583 - INFO - Обробка 26/88: https://www.mcdonalds.com/ua/uk-ua/product/200342.html
2025-07-14 12:43:47,042 - WARNING - Заголовок не завантажився: https://www.mcdonalds.com/ua/uk-ua/product/200342.html
2025-07-14 12:43:47,042 - INFO - Обробка 27/88: https://www.mcdonalds.com/ua/uk-ua/product/200051.html
2025-07-14 12:43:57,710 - WARNING - Заголовок не завантажився: https://www.mcdonalds.com/ua/uk-ua/product/200051.html
2025-07-14 12:43:57,710 - INFO - Обробка 28/88: https://www.mcdonalds.com/ua/uk-ua/product/200052.html
2025-07-14 12:44:08,841 - WARNING - Заголовок не завантажився: https://www.mcdonalds.com/ua/uk-ua/product/200052.html
2025-07-14 12:44:08,841 - INFO - Обробка 29/88: https://www.mcdonalds.com/ua/uk-ua/product/200053.html
2025-07-14 12:44:19,236 - WARNING - Заголовок не завантажився: https://www.mcdonalds.com/ua/uk-ua/product/200053.html
2025-07-14 12:44:19,236 - INFO - Обробка 30/88: https://www.mcdonalds.com/ua/uk-ua/product/200195.html
2025-07-14 12:44:29,588 - WARNING - Заголовок не завантажився: https://www.mcdonalds.com/ua/uk-ua/product/200195.html
2025-07-14 12:44:29,589 - INFO - Обробка 31/88: https://www.mcdonalds.com/ua/uk-ua/product/200375.html
2025-07-14 12:44:40,462 - WARNING - Заголовок не завантажився: https://www.mcdonalds.com/ua/uk-ua/product/200375.html
2025-07-14 12:44:40,463 - INFO - Обробка 32/88: https://www.mcdonalds.com/ua/uk-ua/product/200376.html
2025-07-14 12:44:51,070 - WARNING - Заголовок не завантажився: https://www.mcdonalds.com/ua/uk-ua/product/200376.html
2025-07-14 12:44:51,070 - INFO - Обробка 33/88: https://www.mcdonalds.com/ua/uk-ua/product/200144.html
2025-07-14 12:45:01,528 - WARNING - Заголовок не завантажився: https://www.mcdonalds.com/ua/uk-ua/product/200144.html
2025-07-14 12:45:01,528 - INFO - Обробка 34/88: https://www.mcdonalds.com/ua/uk-ua/product/200140.html
2025-07-14 12:45:12,803 - WARNING - Заголовок не завантажився: https://www.mcdonalds.com/ua/uk-ua/product/200140.html
2025-07-14 12:45:12,803 - INFO - Обробка 35/88: https://www.mcdonalds.com/ua/uk-ua/product/200143.html
2025-07-14 12:45:23,396 - WARNING - Заголовок не завантажився: https://www.mcdonalds.com/ua/uk-ua/product/200143.html
2025-07-14 12:45:23,396 - INFO - Обробка 36/88: https://www.mcdonalds.com/ua/uk-ua/product/200145.html
2025-07-14 12:45:34,481 - WARNING - Заголовок не завантажився: https://www.mcdonalds.com/ua/uk-ua/product/200145.html
2025-07-14 12:45:34,482 - INFO - Обробка 37/88: https://www.mcdonalds.com/ua/uk-ua/product/200146.html
2025-07-14 12:45:45,011 - WARNING - Заголовок не завантажився: https://www.mcdonalds.com/ua/uk-ua/product/200146.html
2025-07-14 12:45:45,012 - INFO - Обробка 38/88: https://www.mcdonalds.com/ua/uk-ua/product/200141.html
2025-07-14 12:45:55,795 - WARNING - Заголовок не завантажився: https://www.mcdonalds.com/ua/uk-ua/product/200141.html
2025-07-14 12:45:55,796 - INFO - Обробка 39/88: https://www.mcdonalds.com/ua/uk-ua/product/200054.html
2025-07-14 12:46:06,425 - WARNING - Заголовок не завантажився: https://www.mcdonalds.com/ua/uk-ua/product/200054.html
2025-07-14 12:46:06,425 - INFO - Обробка 40/88: https://www.mcdonalds.com/ua/uk-ua/product/200123.html
2025-07-14 12:46:16,916 - WARNING - Заголовок не завантажився: https://www.mcdonalds.com/ua/uk-ua/product/200123.html
2025-07-14 12:46:16,916 - INFO - Обробка 41/88: https://www.mcdonalds.com/ua/uk-ua/product/200125.html
2025-07-14 12:46:27,534 - WARNING - Заголовок не завантажився: https://www.mcdonalds.com/ua/uk-ua/product/200125.html
2025-07-14 12:46:27,534 - INFO - Обробка 42/88: https://www.mcdonalds.com/ua/uk-ua/product/200127.html
2025-07-14 12:46:38,263 - WARNING - Заголовок не завантажився: https://www.mcdonalds.com/ua/uk-ua/product/200127.html
